<?xml version="1.0" encoding="UTF-8"?>
<!-- Generated by org.testng.reporters.JUnitXMLReporter -->
<testsuite hostname="DESKTOP-BSUKEFJ" ignored="0" name="Default test" tests="3" failures="0" timestamp="2020-04-01T00:00:52 IST" time="23.189" errors="0">
  <testcase name="productsearch" time="22.268" classname="FunctionalTest.ProductSearchPage"/>
  <testcase name="sortby" time="0.792" classname="FunctionalTest.ProductSearchPage"/>
  <testcase name="verifycount" time="0.045" classname="FunctionalTest.ProductSearchPage"/>
</testsuite> <!-- Default test -->
